e:\vs_myproj\rxjh\mfc_dll\debug\mfc_dll.pch
e:\vs_myproj\rxjh\mfc_dll\debug\vc141.pdb
e:\vs_myproj\rxjh\mfc_dll\debug\vc141.idb
e:\vs_myproj\rxjh\mfc_dll\debug\stdafx.obj
e:\vs_myproj\rxjh\mfc_dll\debug\mfc_dll.obj
e:\vs_myproj\rxjh\mfc_dll\debug\cpage_goodsmanage.obj
e:\vs_myproj\rxjh\mfc_dll\debug\cpage_buysell.obj
e:\vs_myproj\rxjh\mfc_dll\debug\cdialogmaintab.obj
e:\vs_myproj\rxjh\mfc_dll\debug\cpage_guaji.obj
e:\vs_myproj\rxjh\mfc_dll\debug\cdialogctrlcenter.obj
e:\vs_myproj\rxjh\bin\mfc_dll.ilk
e:\vs_myproj\rxjh\bin\mfc_dll.dll
e:\vs_myproj\rxjh\bin\mfc_dll.pdb
e:\vs_myproj\rxjh\bin\mfc_dll.lib
e:\vs_myproj\rxjh\bin\mfc_dll.exp
e:\vs_myproj\rxjh\mfc_dll\debug\mfc_dll.res
e:\vs_myproj\rxjh\mfc_dll\../bin/mfc_dll.dll
e:\vs_myproj\rxjh\mfc_dll\debug\mfc_dll.tlog\cl.command.1.tlog
e:\vs_myproj\rxjh\mfc_dll\debug\mfc_dll.tlog\cl.read.1.tlog
e:\vs_myproj\rxjh\mfc_dll\debug\mfc_dll.tlog\cl.write.1.tlog
e:\vs_myproj\rxjh\mfc_dll\debug\mfc_dll.tlog\link.command.1.tlog
e:\vs_myproj\rxjh\mfc_dll\debug\mfc_dll.tlog\link.read.1.tlog
e:\vs_myproj\rxjh\mfc_dll\debug\mfc_dll.tlog\link.write.1.tlog
e:\vs_myproj\rxjh\mfc_dll\debug\mfc_dll.tlog\mfc_dll.write.1u.tlog
e:\vs_myproj\rxjh\mfc_dll\debug\mfc_dll.tlog\rc.command.1.tlog
e:\vs_myproj\rxjh\mfc_dll\debug\mfc_dll.tlog\rc.read.1.tlog
e:\vs_myproj\rxjh\mfc_dll\debug\mfc_dll.tlog\rc.write.1.tlog
